<?xml version="1.0" encoding="UTF-8"?>
<!-- Generated by org.testng.reporters.JUnitXMLReporter -->
<testsuite ignored="12" hostname="DESKTOP-JJE516S" failures="1" tests="1" name="Default test" time="13.01" errors="0" timestamp="2023-06-06T11:58:13 IST">
  <testcase classname="testcomponent.RegTest" name="test13" time="8.949">
    <failure type="java.lang.ArrayIndexOutOfBoundsException" message="Index -1 out of bounds for length 4">
      <![CDATA[java.lang.ArrayIndexOutOfBoundsException: Index -1 out of bounds for length 4
at utility.FileUtil.readExcel(FileUtil.java:176)
at pagecomponent.HomePages.topMenuValidation2(HomePages.java:431)
at testcomponent.RegTest.test13(RegTest.java:102)
at java.base/jdk.internal.reflect.NativeMethodAccessorImpl.invoke0(Native Method)
at java.base/jdk.internal.reflect.NativeMethodAccessorImpl.invoke(NativeMethodAccessorImpl.java:62)
at java.base/jdk.internal.reflect.DelegatingMethodAccessorImpl.invoke(DelegatingMethodAccessorImpl.java:43)
at java.base/java.lang.reflect.Method.invoke(Method.java:566)
at org.testng.internal.invokers.MethodInvocationHelper.invokeMethod(MethodInvocationHelper.java:139)
at org.testng.internal.invokers.TestInvoker.invokeMethod(TestInvoker.java:677)
at org.testng.internal.invokers.TestInvoker.invokeTestMethod(TestInvoker.java:221)
at org.testng.internal.invokers.MethodRunner.runInSequence(MethodRunner.java:50)
at org.testng.internal.invokers.TestInvoker$MethodInvocationAgent.invoke(TestInvoker.java:969)
at org.testng.internal.invokers.TestInvoker.invokeTestMethods(TestInvoker.java:194)
at org.testng.internal.invokers.TestMethodWorker.invokeTestMethods(TestMethodWorker.java:148)
at org.testng.internal.invokers.TestMethodWorker.run(TestMethodWorker.java:128)
at java.base/java.util.ArrayList.forEach(ArrayList.java:1541)
at org.testng.TestRunner.privateRun(TestRunner.java:829)
at org.testng.TestRunner.run(TestRunner.java:602)
at org.testng.SuiteRunner.runTest(SuiteRunner.java:437)
at org.testng.SuiteRunner.runSequentially(SuiteRunner.java:431)
at org.testng.SuiteRunner.privateRun(SuiteRunner.java:391)
at org.testng.SuiteRunner.run(SuiteRunner.java:330)
at org.testng.SuiteRunnerWorker.runSuite(SuiteRunnerWorker.java:52)
at org.testng.SuiteRunnerWorker.run(SuiteRunnerWorker.java:95)
at org.testng.TestNG.runSuitesSequentially(TestNG.java:1256)
at org.testng.TestNG.runSuitesLocally(TestNG.java:1176)
at org.testng.TestNG.runSuites(TestNG.java:1099)
at org.testng.TestNG.run(TestNG.java:1067)
at org.testng.remote.AbstractRemoteTestNG.run(AbstractRemoteTestNG.java:115)
at org.testng.remote.RemoteTestNG.initAndRun(RemoteTestNG.java:251)
at org.testng.remote.RemoteTestNG.main(RemoteTestNG.java:77)
]]>
    </failure>
  </testcase> <!-- test13 -->
  <testcase classname="testcomponent.RegTest" name="test08" time="0.0">
    <ignored/>
  </testcase> <!-- test08 -->
  <testcase classname="testcomponent.RegTest" name="test09" time="0.0">
    <ignored/>
  </testcase> <!-- test09 -->
  <testcase classname="testcomponent.RegTest" name="test06" time="0.0">
    <ignored/>
  </testcase> <!-- test06 -->
  <testcase classname="testcomponent.RegTest" name="test07" time="0.0">
    <ignored/>
  </testcase> <!-- test07 -->
  <testcase classname="testcomponent.RegTest" name="test11" time="0.0">
    <ignored/>
  </testcase> <!-- test11 -->
  <testcase classname="testcomponent.RegTest" name="test01" time="0.0">
    <ignored/>
  </testcase> <!-- test01 -->
  <testcase classname="testcomponent.RegTest" name="test12" time="0.0">
    <ignored/>
  </testcase> <!-- test12 -->
  <testcase classname="testcomponent.RegTest" name="test10" time="0.0">
    <ignored/>
  </testcase> <!-- test10 -->
  <testcase classname="testcomponent.RegTest" name="test04" time="0.0">
    <ignored/>
  </testcase> <!-- test04 -->
  <testcase classname="testcomponent.RegTest" name="test05" time="0.0">
    <ignored/>
  </testcase> <!-- test05 -->
  <testcase classname="testcomponent.RegTest" name="test02" time="0.0">
    <ignored/>
  </testcase> <!-- test02 -->
  <testcase classname="testcomponent.RegTest" name="test03" time="0.0">
    <ignored/>
  </testcase> <!-- test03 -->
</testsuite> <!-- Default test -->
